{"/Users/apple/Desktop/MyExpoApp/src/app/checkout.tsx": {"path":"/Users/apple/Desktop/MyExpoApp/src/app/checkout.tsx","statementMap":{"0":{"start":{"line":9,"column":24},"end":{"line":9,"column":33}},"1":{"start":{"line":10,"column":17},"end":{"line":10,"column":28}},"2":{"start":{"line":12,"column":32},"end":{"line":12,"column":44}},"3":{"start":{"line":13,"column":38},"end":{"line":13,"column":50}},"4":{"start":{"line":14,"column":38},"end":{"line":14,"column":53}},"5":{"start":{"line":16,"column":25},"end":{"line":30,"column":3}},"6":{"start":{"line":17,"column":4},"end":{"line":20,"column":5}},"7":{"start":{"line":18,"column":6},"end":{"line":18,"column":57}},"8":{"start":{"line":19,"column":6},"end":{"line":19,"column":13}},"9":{"start":{"line":22,"column":4},"end":{"line":22,"column":24}},"10":{"start":{"line":24,"column":4},"end":{"line":29,"column":13}},"11":{"start":{"line":25,"column":6},"end":{"line":25,"column":27}},"12":{"start":{"line":26,"column":6},"end":{"line":28,"column":9}},"13":{"start":{"line":27,"column":37},"end":{"line":27,"column":57}},"14":{"start":{"line":32,"column":2},"end":{"line":67,"column":4}},"15":{"start":{"line":70,"column":15},"end":{"line":110,"column":2}}},"fnMap":{"0":{"name":"CheckoutScreen","decl":{"start":{"line":8,"column":24},"end":{"line":8,"column":38}},"loc":{"start":{"line":8,"column":41},"end":{"line":68,"column":1}},"line":8},"1":{"name":"(anonymous_1)","decl":{"start":{"line":16,"column":25},"end":{"line":16,"column":26}},"loc":{"start":{"line":16,"column":31},"end":{"line":30,"column":3}},"line":16},"2":{"name":"(anonymous_2)","decl":{"start":{"line":24,"column":15},"end":{"line":24,"column":16}},"loc":{"start":{"line":24,"column":21},"end":{"line":29,"column":5}},"line":24},"3":{"name":"(anonymous_3)","decl":{"start":{"line":27,"column":31},"end":{"line":27,"column":32}},"loc":{"start":{"line":27,"column":37},"end":{"line":27,"column":57}},"line":27}},"branchMap":{"0":{"loc":{"start":{"line":17,"column":4},"end":{"line":20,"column":5}},"type":"if","locations":[{"start":{"line":17,"column":4},"end":{"line":20,"column":5}},{"start":{},"end":{}}],"line":17},"1":{"loc":{"start":{"line":17,"column":8},"end":{"line":17,"column":31}},"type":"binary-expr","locations":[{"start":{"line":17,"column":8},"end":{"line":17,"column":16}},{"start":{"line":17,"column":20},"end":{"line":17,"column":31}}],"line":17},"2":{"loc":{"start":{"line":59,"column":11},"end":{"line":63,"column":11}},"type":"cond-expr","locations":[{"start":{"line":60,"column":12},"end":{"line":60,"column":46}},{"start":{"line":62,"column":12},"end":{"line":62,"column":71}}],"line":59}},"s":{"0":2,"1":2,"2":2,"3":2,"4":2,"5":2,"6":1,"7":1,"8":1,"9":0,"10":0,"11":0,"12":0,"13":0,"14":2,"15":1},"f":{"0":2,"1":1,"2":0,"3":0},"b":{"0":[1,0],"1":[1,0],"2":[0,2]},"_coverageSchema":"1a1c01bbd47fc00a2c39e90264f33305004495a9","hash":"3d660247473b829cbe63c58366821e15fd2553b3"}
,"/Users/apple/Desktop/MyExpoApp/src/app/(tabs)/cart.tsx": {"path":"/Users/apple/Desktop/MyExpoApp/src/app/(tabs)/cart.tsx","statementMap":{"0":{"start":{"line":9,"column":47},"end":{"line":9,"column":56}},"1":{"start":{"line":10,"column":17},"end":{"line":10,"column":28}},"2":{"start":{"line":12,"column":2},"end":{"line":18,"column":3}},"3":{"start":{"line":13,"column":4},"end":{"line":17,"column":6}},"4":{"start":{"line":20,"column":2},"end":{"line":51,"column":4}},"5":{"start":{"line":26,"column":32},"end":{"line":26,"column":39}},"6":{"start":{"line":29,"column":10},"end":{"line":40,"column":17}},"7":{"start":{"line":37,"column":45},"end":{"line":37,"column":68}},"8":{"start":{"line":46,"column":68},"end":{"line":46,"column":92}},"9":{"start":{"line":54,"column":15},"end":{"line":112,"column":2}}},"fnMap":{"0":{"name":"CartScreen","decl":{"start":{"line":8,"column":24},"end":{"line":8,"column":34}},"loc":{"start":{"line":8,"column":37},"end":{"line":52,"column":1}},"line":8},"1":{"name":"(anonymous_1)","decl":{"start":{"line":26,"column":22},"end":{"line":26,"column":23}},"loc":{"start":{"line":26,"column":32},"end":{"line":26,"column":39}},"line":26},"2":{"name":"(anonymous_2)","decl":{"start":{"line":28,"column":20},"end":{"line":28,"column":21}},"loc":{"start":{"line":29,"column":10},"end":{"line":40,"column":17}},"line":29},"3":{"name":"(anonymous_3)","decl":{"start":{"line":37,"column":39},"end":{"line":37,"column":40}},"loc":{"start":{"line":37,"column":45},"end":{"line":37,"column":68}},"line":37},"4":{"name":"(anonymous_4)","decl":{"start":{"line":46,"column":62},"end":{"line":46,"column":63}},"loc":{"start":{"line":46,"column":68},"end":{"line":46,"column":92}},"line":46}},"branchMap":{"0":{"loc":{"start":{"line":12,"column":2},"end":{"line":18,"column":3}},"type":"if","locations":[{"start":{"line":12,"column":2},"end":{"line":18,"column":3}},{"start":{},"end":{}}],"line":12}},"s":{"0":2,"1":2,"2":2,"3":1,"4":1,"5":2,"6":1,"7":0,"8":0,"9":1},"f":{"0":2,"1":2,"2":1,"3":0,"4":0},"b":{"0":[1,1]},"_coverageSchema":"1a1c01bbd47fc00a2c39e90264f33305004495a9","hash":"790a08b90499276199a80be81b2ededc1a8754bc"}
,"/Users/apple/Desktop/MyExpoApp/src/app/(tabs)/index.tsx": {"path":"/Users/apple/Desktop/MyExpoApp/src/app/(tabs)/index.tsx","statementMap":{"0":{"start":{"line":9,"column":34},"end":{"line":9,"column":57}},"1":{"start":{"line":10,"column":32},"end":{"line":10,"column":46}},"2":{"start":{"line":11,"column":24},"end":{"line":11,"column":33}},"3":{"start":{"line":13,"column":2},"end":{"line":18,"column":9}},"4":{"start":{"line":14,"column":4},"end":{"line":17,"column":7}},"5":{"start":{"line":15,"column":6},"end":{"line":15,"column":24}},"6":{"start":{"line":16,"column":6},"end":{"line":16,"column":24}},"7":{"start":{"line":20,"column":2},"end":{"line":26,"column":3}},"8":{"start":{"line":21,"column":4},"end":{"line":25,"column":6}},"9":{"start":{"line":28,"column":21},"end":{"line":42,"column":3}},"10":{"start":{"line":29,"column":4},"end":{"line":41,"column":11}},"11":{"start":{"line":36,"column":65},"end":{"line":36,"column":80}},"12":{"start":{"line":44,"column":2},"end":{"line":54,"column":4}},"13":{"start":{"line":49,"column":32},"end":{"line":49,"column":39}},"14":{"start":{"line":57,"column":15},"end":{"line":107,"column":2}}},"fnMap":{"0":{"name":"ShopScreen","decl":{"start":{"line":8,"column":24},"end":{"line":8,"column":34}},"loc":{"start":{"line":8,"column":37},"end":{"line":55,"column":1}},"line":8},"1":{"name":"(anonymous_1)","decl":{"start":{"line":13,"column":12},"end":{"line":13,"column":13}},"loc":{"start":{"line":13,"column":18},"end":{"line":18,"column":3}},"line":13},"2":{"name":"(anonymous_2)","decl":{"start":{"line":14,"column":25},"end":{"line":14,"column":26}},"loc":{"start":{"line":14,"column":35},"end":{"line":17,"column":5}},"line":14},"3":{"name":"(anonymous_3)","decl":{"start":{"line":28,"column":21},"end":{"line":28,"column":22}},"loc":{"start":{"line":29,"column":4},"end":{"line":41,"column":11}},"line":29},"4":{"name":"(anonymous_4)","decl":{"start":{"line":36,"column":59},"end":{"line":36,"column":60}},"loc":{"start":{"line":36,"column":65},"end":{"line":36,"column":80}},"line":36},"5":{"name":"(anonymous_5)","decl":{"start":{"line":49,"column":22},"end":{"line":49,"column":23}},"loc":{"start":{"line":49,"column":32},"end":{"line":49,"column":39}},"line":49}},"branchMap":{"0":{"loc":{"start":{"line":20,"column":2},"end":{"line":26,"column":3}},"type":"if","locations":[{"start":{"line":20,"column":2},"end":{"line":26,"column":3}},{"start":{},"end":{}}],"line":20}},"s":{"0":2,"1":2,"2":2,"3":2,"4":1,"5":1,"6":1,"7":2,"8":1,"9":1,"10":1,"11":0,"12":1,"13":2,"14":1},"f":{"0":2,"1":1,"2":1,"3":1,"4":0,"5":2},"b":{"0":[1,1]},"_coverageSchema":"1a1c01bbd47fc00a2c39e90264f33305004495a9","hash":"ddbf7e8373ba72ab4ef84900b7c975a753c272a7"}
,"/Users/apple/Desktop/MyExpoApp/src/components/error-boundary.tsx": {"path":"/Users/apple/Desktop/MyExpoApp/src/components/error-boundary.tsx","statementMap":{"0":{"start":{"line":25,"column":4},"end":{"line":25,"column":17}},"1":{"start":{"line":26,"column":4},"end":{"line":26,"column":50}},"2":{"start":{"line":30,"column":4},"end":{"line":30,"column":37}},"3":{"start":{"line":35,"column":4},"end":{"line":35,"column":79}},"4":{"start":{"line":38,"column":16},"end":{"line":40,"column":3}},"5":{"start":{"line":39,"column":4},"end":{"line":39,"column":52}},"6":{"start":{"line":43,"column":4},"end":{"line":62,"column":5}},"7":{"start":{"line":44,"column":6},"end":{"line":46,"column":7}},"8":{"start":{"line":45,"column":8},"end":{"line":45,"column":35}},"9":{"start":{"line":48,"column":6},"end":{"line":61,"column":8}},"10":{"start":{"line":55,"column":36},"end":{"line":55,"column":84}},"11":{"start":{"line":64,"column":4},"end":{"line":64,"column":31}},"12":{"start":{"line":68,"column":15},"end":{"line":102,"column":2}}},"fnMap":{"0":{"name":"(anonymous_0)","decl":{"start":{"line":24,"column":2},"end":{"line":24,"column":3}},"loc":{"start":{"line":24,"column":28},"end":{"line":27,"column":3}},"line":24},"1":{"name":"(anonymous_1)","decl":{"start":{"line":29,"column":2},"end":{"line":29,"column":3}},"loc":{"start":{"line":29,"column":55},"end":{"line":31,"column":3}},"line":29},"2":{"name":"(anonymous_2)","decl":{"start":{"line":33,"column":2},"end":{"line":33,"column":3}},"loc":{"start":{"line":33,"column":57},"end":{"line":36,"column":3}},"line":33},"3":{"name":"(anonymous_3)","decl":{"start":{"line":38,"column":16},"end":{"line":38,"column":17}},"loc":{"start":{"line":38,"column":22},"end":{"line":40,"column":3}},"line":38},"4":{"name":"(anonymous_4)","decl":{"start":{"line":42,"column":2},"end":{"line":42,"column":3}},"loc":{"start":{"line":42,"column":11},"end":{"line":65,"column":3}},"line":42},"5":{"name":"(anonymous_5)","decl":{"start":{"line":55,"column":19},"end":{"line":55,"column":20}},"loc":{"start":{"line":55,"column":36},"end":{"line":55,"column":84}},"line":55}},"branchMap":{"0":{"loc":{"start":{"line":43,"column":4},"end":{"line":62,"column":5}},"type":"if","locations":[{"start":{"line":43,"column":4},"end":{"line":62,"column":5}},{"start":{},"end":{}}],"line":43},"1":{"loc":{"start":{"line":44,"column":6},"end":{"line":46,"column":7}},"type":"if","locations":[{"start":{"line":44,"column":6},"end":{"line":46,"column":7}},{"start":{},"end":{}}],"line":44},"2":{"loc":{"start":{"line":52,"column":13},"end":{"line":52,"column":73}},"type":"binary-expr","locations":[{"start":{"line":52,"column":13},"end":{"line":52,"column":38}},{"start":{"line":52,"column":42},"end":{"line":52,"column":73}}],"line":52},"3":{"loc":{"start":{"line":55,"column":52},"end":{"line":55,"column":83}},"type":"binary-expr","locations":[{"start":{"line":55,"column":52},"end":{"line":55,"column":59}},{"start":{"line":55,"column":63},"end":{"line":55,"column":83}}],"line":55}},"s":{"0":3,"1":3,"2":2,"3":1,"4":3,"5":0,"6":5,"7":2,"8":0,"9":2,"10":2,"11":3,"12":1},"f":{"0":3,"1":2,"2":1,"3":0,"4":5,"5":2},"b":{"0":[2,3],"1":[0,2],"2":[2,0],"3":[2,0]},"_coverageSchema":"1a1c01bbd47fc00a2c39e90264f33305004495a9","hash":"1fec1a756cd4c9baedccd4c40b2aaf1b7b3b49d6"}
,"/Users/apple/Desktop/MyExpoApp/src/components/themed-text.tsx": {"path":"/Users/apple/Desktop/MyExpoApp/src/components/themed-text.tsx","statementMap":{"0":{"start":{"line":12,"column":26},"end":{"line":32,"column":2}},"1":{"start":{"line":13,"column":16},"end":{"line":13,"column":26}},"2":{"start":{"line":15,"column":2},"end":{"line":31,"column":4}},"3":{"start":{"line":34,"column":15},"end":{"line":74,"column":2}}},"fnMap":{"0":{"name":"ThemedText","decl":{"start":{"line":12,"column":46},"end":{"line":12,"column":56}},"loc":{"start":{"line":12,"column":124},"end":{"line":32,"column":1}},"line":12}},"branchMap":{"0":{"loc":{"start":{"line":12,"column":66},"end":{"line":12,"column":82}},"type":"default-arg","locations":[{"start":{"line":12,"column":73},"end":{"line":12,"column":82}}],"line":12},"1":{"loc":{"start":{"line":18,"column":23},"end":{"line":18,"column":43}},"type":"binary-expr","locations":[{"start":{"line":18,"column":23},"end":{"line":18,"column":33}},{"start":{"line":18,"column":37},"end":{"line":18,"column":43}}],"line":18},"2":{"loc":{"start":{"line":19,"column":8},"end":{"line":19,"column":44}},"type":"binary-expr","locations":[{"start":{"line":19,"column":8},"end":{"line":19,"column":26}},{"start":{"line":19,"column":30},"end":{"line":19,"column":44}}],"line":19},"3":{"loc":{"start":{"line":20,"column":8},"end":{"line":20,"column":40}},"type":"binary-expr","locations":[{"start":{"line":20,"column":8},"end":{"line":20,"column":24}},{"start":{"line":20,"column":28},"end":{"line":20,"column":40}}],"line":20},"4":{"loc":{"start":{"line":21,"column":8},"end":{"line":21,"column":40}},"type":"binary-expr","locations":[{"start":{"line":21,"column":8},"end":{"line":21,"column":24}},{"start":{"line":21,"column":28},"end":{"line":21,"column":40}}],"line":21},"5":{"loc":{"start":{"line":22,"column":8},"end":{"line":22,"column":48}},"type":"binary-expr","locations":[{"start":{"line":22,"column":8},"end":{"line":22,"column":28}},{"start":{"line":22,"column":32},"end":{"line":22,"column":48}}],"line":22},"6":{"loc":{"start":{"line":23,"column":8},"end":{"line":23,"column":46}},"type":"binary-expr","locations":[{"start":{"line":23,"column":8},"end":{"line":23,"column":27}},{"start":{"line":23,"column":31},"end":{"line":23,"column":46}}],"line":23},"7":{"loc":{"start":{"line":24,"column":8},"end":{"line":24,"column":38}},"type":"binary-expr","locations":[{"start":{"line":24,"column":8},"end":{"line":24,"column":23}},{"start":{"line":24,"column":27},"end":{"line":24,"column":38}}],"line":24},"8":{"loc":{"start":{"line":25,"column":8},"end":{"line":25,"column":52}},"type":"binary-expr","locations":[{"start":{"line":25,"column":8},"end":{"line":25,"column":30}},{"start":{"line":25,"column":34},"end":{"line":25,"column":52}}],"line":25},"9":{"loc":{"start":{"line":26,"column":8},"end":{"line":26,"column":38}},"type":"binary-expr","locations":[{"start":{"line":26,"column":8},"end":{"line":26,"column":23}},{"start":{"line":26,"column":27},"end":{"line":26,"column":38}}],"line":26},"10":{"loc":{"start":{"line":71,"column":16},"end":{"line":71,"column":56}},"type":"binary-expr","locations":[{"start":{"line":71,"column":16},"end":{"line":71,"column":49}},{"start":{"line":71,"column":53},"end":{"line":71,"column":56}}],"line":71}},"s":{"0":4,"1":24,"2":24,"3":4},"f":{"0":24},"b":{"0":[6],"1":[24,22],"2":[24,6],"3":[24,7],"4":[24,2],"5":[24,2],"6":[24,7],"7":[24,0],"8":[24,0],"9":[24,0],"10":[4,4]},"_coverageSchema":"1a1c01bbd47fc00a2c39e90264f33305004495a9","hash":"6286091443db36bbe7f50ec43a6d2c7374d80dab"}
,"/Users/apple/Desktop/MyExpoApp/src/components/themed-view.tsx": {"path":"/Users/apple/Desktop/MyExpoApp/src/components/themed-view.tsx","statementMap":{"0":{"start":{"line":13,"column":26},"end":{"line":17,"column":2}},"1":{"start":{"line":14,"column":16},"end":{"line":14,"column":26}},"2":{"start":{"line":16,"column":2},"end":{"line":16,"column":100}}},"fnMap":{"0":{"name":"ThemedView","decl":{"start":{"line":13,"column":46},"end":{"line":13,"column":56}},"loc":{"start":{"line":13,"column":129},"end":{"line":17,"column":1}},"line":13}},"branchMap":{"0":{"loc":{"start":{"line":16,"column":48},"end":{"line":16,"column":68}},"type":"binary-expr","locations":[{"start":{"line":16,"column":48},"end":{"line":16,"column":52}},{"start":{"line":16,"column":56},"end":{"line":16,"column":68}}],"line":16}},"s":{"0":4,"1":7,"2":7},"f":{"0":7},"b":{"0":[7,7]},"_coverageSchema":"1a1c01bbd47fc00a2c39e90264f33305004495a9","hash":"f23f168ed049df34d93b1385b591f6cb5f790211"}
,"/Users/apple/Desktop/MyExpoApp/src/constants/theme.ts": {"path":"/Users/apple/Desktop/MyExpoApp/src/constants/theme.ts","statementMap":{"0":{"start":{"line":10,"column":22},"end":{"line":25,"column":10}},"1":{"start":{"line":29,"column":21},"end":{"line":52,"column":2}},"2":{"start":{"line":54,"column":23},"end":{"line":62,"column":10}},"3":{"start":{"line":64,"column":30},"end":{"line":64,"column":76}},"4":{"start":{"line":65,"column":31},"end":{"line":65,"column":34}}},"fnMap":{},"branchMap":{"0":{"loc":{"start":{"line":64,"column":30},"end":{"line":64,"column":76}},"type":"binary-expr","locations":[{"start":{"line":64,"column":30},"end":{"line":64,"column":71}},{"start":{"line":64,"column":75},"end":{"line":64,"column":76}}],"line":64}},"s":{"0":4,"1":4,"2":4,"3":4,"4":4},"f":{},"b":{"0":[4,0]},"_coverageSchema":"1a1c01bbd47fc00a2c39e90264f33305004495a9","hash":"786ddefa9f16633e6786cc36de2abefe814b56d0"}
,"/Users/apple/Desktop/MyExpoApp/src/context/CartContext.tsx": {"path":"/Users/apple/Desktop/MyExpoApp/src/context/CartContext.tsx","statementMap":{"0":{"start":{"line":13,"column":20},"end":{"line":13,"column":73}},"1":{"start":{"line":16,"column":28},"end":{"line":16,"column":52}},"2":{"start":{"line":18,"column":20},"end":{"line":28,"column":3}},"3":{"start":{"line":19,"column":4},"end":{"line":27,"column":7}},"4":{"start":{"line":20,"column":23},"end":{"line":20,"column":66}},"5":{"start":{"line":20,"column":43},"end":{"line":20,"column":65}},"6":{"start":{"line":21,"column":6},"end":{"line":25,"column":7}},"7":{"start":{"line":22,"column":8},"end":{"line":24,"column":10}},"8":{"start":{"line":23,"column":10},"end":{"line":23,"column":82}},"9":{"start":{"line":26,"column":6},"end":{"line":26,"column":52}},"10":{"start":{"line":30,"column":25},"end":{"line":32,"column":3}},"11":{"start":{"line":31,"column":4},"end":{"line":31,"column":69}},"12":{"start":{"line":31,"column":23},"end":{"line":31,"column":67}},"13":{"start":{"line":31,"column":45},"end":{"line":31,"column":66}},"14":{"start":{"line":34,"column":20},"end":{"line":34,"column":88}},"15":{"start":{"line":34,"column":50},"end":{"line":34,"column":84}},"16":{"start":{"line":36,"column":2},"end":{"line":40,"column":4}},"17":{"start":{"line":44,"column":18},"end":{"line":44,"column":41}},"18":{"start":{"line":45,"column":2},"end":{"line":47,"column":3}},"19":{"start":{"line":46,"column":4},"end":{"line":46,"column":66}},"20":{"start":{"line":48,"column":2},"end":{"line":48,"column":17}}},"fnMap":{"0":{"name":"CartProvider","decl":{"start":{"line":15,"column":16},"end":{"line":15,"column":28}},"loc":{"start":{"line":15,"column":68},"end":{"line":41,"column":1}},"line":15},"1":{"name":"(anonymous_1)","decl":{"start":{"line":18,"column":20},"end":{"line":18,"column":21}},"loc":{"start":{"line":18,"column":42},"end":{"line":28,"column":3}},"line":18},"2":{"name":"(anonymous_2)","decl":{"start":{"line":19,"column":13},"end":{"line":19,"column":14}},"loc":{"start":{"line":19,"column":23},"end":{"line":27,"column":5}},"line":19},"3":{"name":"(anonymous_3)","decl":{"start":{"line":20,"column":33},"end":{"line":20,"column":34}},"loc":{"start":{"line":20,"column":43},"end":{"line":20,"column":65}},"line":20},"4":{"name":"(anonymous_4)","decl":{"start":{"line":22,"column":24},"end":{"line":22,"column":25}},"loc":{"start":{"line":23,"column":10},"end":{"line":23,"column":82}},"line":23},"5":{"name":"(anonymous_5)","decl":{"start":{"line":30,"column":25},"end":{"line":30,"column":26}},"loc":{"start":{"line":30,"column":48},"end":{"line":32,"column":3}},"line":30},"6":{"name":"(anonymous_6)","decl":{"start":{"line":31,"column":13},"end":{"line":31,"column":14}},"loc":{"start":{"line":31,"column":23},"end":{"line":31,"column":67}},"line":31},"7":{"name":"(anonymous_7)","decl":{"start":{"line":31,"column":35},"end":{"line":31,"column":36}},"loc":{"start":{"line":31,"column":45},"end":{"line":31,"column":66}},"line":31},"8":{"name":"(anonymous_8)","decl":{"start":{"line":34,"column":33},"end":{"line":34,"column":34}},"loc":{"start":{"line":34,"column":50},"end":{"line":34,"column":84}},"line":34},"9":{"name":"useCart","decl":{"start":{"line":43,"column":16},"end":{"line":43,"column":23}},"loc":{"start":{"line":43,"column":26},"end":{"line":49,"column":1}},"line":43}},"branchMap":{"0":{"loc":{"start":{"line":21,"column":6},"end":{"line":25,"column":7}},"type":"if","locations":[{"start":{"line":21,"column":6},"end":{"line":25,"column":7}},{"start":{},"end":{}}],"line":21},"1":{"loc":{"start":{"line":23,"column":10},"end":{"line":23,"column":82}},"type":"cond-expr","locations":[{"start":{"line":23,"column":35},"end":{"line":23,"column":75}},{"start":{"line":23,"column":78},"end":{"line":23,"column":82}}],"line":23},"2":{"loc":{"start":{"line":45,"column":2},"end":{"line":47,"column":3}},"type":"if","locations":[{"start":{"line":45,"column":2},"end":{"line":47,"column":3}},{"start":{},"end":{}}],"line":45}},"s":{"0":4,"1":10,"2":10,"3":4,"4":4,"5":1,"6":4,"7":1,"8":1,"9":3,"10":10,"11":1,"12":1,"13":1,"14":10,"15":4,"16":10,"17":11,"18":11,"19":0,"20":11},"f":{"0":10,"1":4,"2":4,"3":1,"4":1,"5":1,"6":1,"7":1,"8":4,"9":11},"b":{"0":[1,3],"1":[1,0],"2":[0,11]},"_coverageSchema":"1a1c01bbd47fc00a2c39e90264f33305004495a9","hash":"16be4c9cb63470714e2c474eb333122a34d7300c"}
,"/Users/apple/Desktop/MyExpoApp/src/hooks/use-color-scheme.ts": {"path":"/Users/apple/Desktop/MyExpoApp/src/hooks/use-color-scheme.ts","statementMap":{},"fnMap":{},"branchMap":{},"s":{},"f":{},"b":{},"_coverageSchema":"1a1c01bbd47fc00a2c39e90264f33305004495a9","hash":"bedbc11942ad866378c6fd205458224070c45a07"}
,"/Users/apple/Desktop/MyExpoApp/src/hooks/use-theme.ts": {"path":"/Users/apple/Desktop/MyExpoApp/src/hooks/use-theme.ts","statementMap":{"0":{"start":{"line":10,"column":17},"end":{"line":10,"column":33}},"1":{"start":{"line":11,"column":16},"end":{"line":11,"column":59}},"2":{"start":{"line":13,"column":2},"end":{"line":13,"column":23}}},"fnMap":{"0":{"name":"useTheme","decl":{"start":{"line":9,"column":16},"end":{"line":9,"column":24}},"loc":{"start":{"line":9,"column":27},"end":{"line":14,"column":1}},"line":9}},"branchMap":{"0":{"loc":{"start":{"line":11,"column":16},"end":{"line":11,"column":59}},"type":"cond-expr","locations":[{"start":{"line":11,"column":43},"end":{"line":11,"column":50}},{"start":{"line":11,"column":53},"end":{"line":11,"column":59}}],"line":11}},"s":{"0":28,"1":28,"2":28},"f":{"0":28},"b":{"0":[0,28]},"_coverageSchema":"1a1c01bbd47fc00a2c39e90264f33305004495a9","hash":"d95535c442740c67bc14532beed74fafb7703e75"}
,"/Users/apple/Desktop/MyExpoApp/src/utils/api.ts": {"path":"/Users/apple/Desktop/MyExpoApp/src/utils/api.ts","statementMap":{"0":{"start":{"line":9,"column":40},"end":{"line":31,"column":1}},"1":{"start":{"line":34,"column":2},"end":{"line":34,"column":81}},"2":{"start":{"line":34,"column":34},"end":{"line":34,"column":79}},"3":{"start":{"line":34,"column":51},"end":{"line":34,"column":73}}},"fnMap":{"0":{"name":"fetchProducts","decl":{"start":{"line":33,"column":22},"end":{"line":33,"column":35}},"loc":{"start":{"line":33,"column":58},"end":{"line":35,"column":1}},"line":33},"1":{"name":"(anonymous_1)","decl":{"start":{"line":34,"column":21},"end":{"line":34,"column":22}},"loc":{"start":{"line":34,"column":34},"end":{"line":34,"column":79}},"line":34},"2":{"name":"(anonymous_2)","decl":{"start":{"line":34,"column":45},"end":{"line":34,"column":46}},"loc":{"start":{"line":34,"column":51},"end":{"line":34,"column":73}},"line":34}},"branchMap":{},"s":{"0":2,"1":1,"2":1,"3":1},"f":{"0":1,"1":1,"2":1},"b":{},"_coverageSchema":"1a1c01bbd47fc00a2c39e90264f33305004495a9","hash":"ccb54e352acd0deff60e3927b66aed811502917d"}
,"/Users/apple/Desktop/MyExpoApp/src/utils/security.ts": {"path":"/Users/apple/Desktop/MyExpoApp/src/utils/security.ts","statementMap":{"0":{"start":{"line":13,"column":2},"end":{"line":13,"column":42}},"1":{"start":{"line":13,"column":29},"end":{"line":13,"column":42}},"2":{"start":{"line":15,"column":2},"end":{"line":23,"column":3}},"3":{"start":{"line":16,"column":21},"end":{"line":16,"column":61}},"4":{"start":{"line":17,"column":4},"end":{"line":17,"column":20}},"5":{"start":{"line":19,"column":4},"end":{"line":19,"column":75}},"6":{"start":{"line":22,"column":4},"end":{"line":22,"column":17}},"7":{"start":{"line":31,"column":2},"end":{"line":36,"column":3}},"8":{"start":{"line":33,"column":4},"end":{"line":33,"column":111}},"9":{"start":{"line":34,"column":4},"end":{"line":34,"column":39}},"10":{"start":{"line":35,"column":4},"end":{"line":35,"column":11}},"11":{"start":{"line":38,"column":2},"end":{"line":40,"column":5}},"12":{"start":{"line":47,"column":2},"end":{"line":49,"column":3}},"13":{"start":{"line":48,"column":4},"end":{"line":48,"column":39}},"14":{"start":{"line":51,"column":2},"end":{"line":51,"column":45}},"15":{"start":{"line":58,"column":2},"end":{"line":61,"column":3}},"16":{"start":{"line":59,"column":4},"end":{"line":59,"column":35}},"17":{"start":{"line":60,"column":4},"end":{"line":60,"column":11}},"18":{"start":{"line":63,"column":2},"end":{"line":63,"column":41}}},"fnMap":{"0":{"name":"isDeviceCompromised","decl":{"start":{"line":12,"column":22},"end":{"line":12,"column":41}},"loc":{"start":{"line":12,"column":62},"end":{"line":24,"column":1}},"line":12},"1":{"name":"securelyStore","decl":{"start":{"line":30,"column":22},"end":{"line":30,"column":35}},"loc":{"start":{"line":30,"column":79},"end":{"line":41,"column":1}},"line":30},"2":{"name":"securelyRetrieve","decl":{"start":{"line":46,"column":22},"end":{"line":46,"column":38}},"loc":{"start":{"line":46,"column":76},"end":{"line":52,"column":1}},"line":46},"3":{"name":"securelyDelete","decl":{"start":{"line":57,"column":22},"end":{"line":57,"column":36}},"loc":{"start":{"line":57,"column":65},"end":{"line":64,"column":1}},"line":57}},"branchMap":{"0":{"loc":{"start":{"line":13,"column":2},"end":{"line":13,"column":42}},"type":"if","locations":[{"start":{"line":13,"column":2},"end":{"line":13,"column":42}},{"start":{},"end":{}}],"line":13},"1":{"loc":{"start":{"line":31,"column":2},"end":{"line":36,"column":3}},"type":"if","locations":[{"start":{"line":31,"column":2},"end":{"line":36,"column":3}},{"start":{},"end":{}}],"line":31},"2":{"loc":{"start":{"line":47,"column":2},"end":{"line":49,"column":3}},"type":"if","locations":[{"start":{"line":47,"column":2},"end":{"line":49,"column":3}},{"start":{},"end":{}}],"line":47},"3":{"loc":{"start":{"line":58,"column":2},"end":{"line":61,"column":3}},"type":"if","locations":[{"start":{"line":58,"column":2},"end":{"line":61,"column":3}},{"start":{},"end":{}}],"line":58}},"s":{"0":3,"1":1,"2":2,"3":2,"4":1,"5":1,"6":1,"7":2,"8":1,"9":1,"10":1,"11":1,"12":2,"13":1,"14":1,"15":2,"16":1,"17":1,"18":1},"f":{"0":3,"1":2,"2":2,"3":2},"b":{"0":[1,2],"1":[1,1],"2":[1,1],"3":[1,1]},"_coverageSchema":"1a1c01bbd47fc00a2c39e90264f33305004495a9","hash":"4ca9cfc875cdb41d221c861b22305ad5a4fe4e6d"}
}
