TN:
SF:src/app/checkout.tsx
FN:8,CheckoutScreen
FN:16,(anonymous_1)
FN:24,(anonymous_2)
FN:27,(anonymous_3)
FNF:4
FNH:2
FNDA:2,CheckoutScreen
FNDA:1,(anonymous_1)
FNDA:0,(anonymous_2)
FNDA:0,(anonymous_3)
DA:9,2
DA:10,2
DA:12,2
DA:13,2
DA:14,2
DA:16,2
DA:17,1
DA:18,1
DA:19,1
DA:22,0
DA:24,0
DA:25,0
DA:26,0
DA:27,0
DA:32,2
DA:70,1
LF:16
LH:11
BRDA:17,0,0,1
BRDA:17,0,1,0
BRDA:17,1,0,1
BRDA:17,1,1,0
BRDA:59,2,0,0
BRDA:59,2,1,2
BRF:6
BRH:3
end_of_record
TN:
SF:src/app/(tabs)/cart.tsx
FN:8,CartScreen
FN:26,(anonymous_1)
FN:28,(anonymous_2)
FN:37,(anonymous_3)
FN:46,(anonymous_4)
FNF:5
FNH:3
FNDA:2,CartScreen
FNDA:2,(anonymous_1)
FNDA:1,(anonymous_2)
FNDA:0,(anonymous_3)
FNDA:0,(anonymous_4)
DA:9,2
DA:10,2
DA:12,2
DA:13,1
DA:20,1
DA:26,2
DA:29,1
DA:37,0
DA:46,0
DA:54,1
LF:10
LH:8
BRDA:12,0,0,1
BRDA:12,0,1,1
BRF:2
BRH:2
end_of_record
TN:
SF:src/app/(tabs)/index.tsx
FN:8,ShopScreen
FN:13,(anonymous_1)
FN:14,(anonymous_2)
FN:28,(anonymous_3)
FN:36,(anonymous_4)
FN:49,(anonymous_5)
FNF:6
FNH:5
FNDA:2,ShopScreen
FNDA:1,(anonymous_1)
FNDA:1,(anonymous_2)
FNDA:1,(anonymous_3)
FNDA:0,(anonymous_4)
FNDA:2,(anonymous_5)
DA:9,2
DA:10,2
DA:11,2
DA:13,2
DA:14,1
DA:15,1
DA:16,1
DA:20,2
DA:21,1
DA:28,1
DA:29,1
DA:36,0
DA:44,1
DA:49,2
DA:57,1
LF:15
LH:14
BRDA:20,0,0,1
BRDA:20,0,1,1
BRF:2
BRH:2
end_of_record
TN:
SF:src/components/error-boundary.tsx
FN:24,(anonymous_0)
FN:29,(anonymous_1)
FN:33,(anonymous_2)
FN:38,(anonymous_3)
FN:42,(anonymous_4)
FN:55,(anonymous_5)
FNF:6
FNH:5
FNDA:3,(anonymous_0)
FNDA:2,(anonymous_1)
FNDA:1,(anonymous_2)
FNDA:0,(anonymous_3)
FNDA:5,(anonymous_4)
FNDA:2,(anonymous_5)
DA:25,3
DA:26,3
DA:30,2
DA:35,1
DA:38,3
DA:39,0
DA:43,5
DA:44,2
DA:45,0
DA:48,2
DA:55,2
DA:64,3
DA:68,1
LF:13
LH:11
BRDA:43,0,0,2
BRDA:43,0,1,3
BRDA:44,1,0,0
BRDA:44,1,1,2
BRDA:52,2,0,2
BRDA:52,2,1,0
BRDA:55,3,0,2
BRDA:55,3,1,0
BRF:8
BRH:5
end_of_record
TN:
SF:src/components/themed-text.tsx
FN:12,ThemedText
FNF:1
FNH:1
FNDA:24,ThemedText
DA:12,4
DA:13,24
DA:15,24
DA:34,4
LF:4
LH:4
BRDA:12,0,0,6
BRDA:18,1,0,24
BRDA:18,1,1,22
BRDA:19,2,0,24
BRDA:19,2,1,6
BRDA:20,3,0,24
BRDA:20,3,1,7
BRDA:21,4,0,24
BRDA:21,4,1,2
BRDA:22,5,0,24
BRDA:22,5,1,2
BRDA:23,6,0,24
BRDA:23,6,1,7
BRDA:24,7,0,24
BRDA:24,7,1,0
BRDA:25,8,0,24
BRDA:25,8,1,0
BRDA:26,9,0,24
BRDA:26,9,1,0
BRDA:71,10,0,4
BRDA:71,10,1,4
BRF:21
BRH:18
end_of_record
TN:
SF:src/components/themed-view.tsx
FN:13,ThemedView
FNF:1
FNH:1
FNDA:7,ThemedView
DA:13,4
DA:14,7
DA:16,7
LF:3
LH:3
BRDA:16,0,0,7
BRDA:16,0,1,7
BRF:2
BRH:2
end_of_record
TN:
SF:src/constants/theme.ts
FNF:0
FNH:0
DA:10,4
DA:29,4
DA:54,4
DA:64,4
DA:65,4
LF:5
LH:5
BRDA:64,0,0,4
BRDA:64,0,1,0
BRF:2
BRH:1
end_of_record
TN:
SF:src/context/CartContext.tsx
FN:15,CartProvider
FN:18,(anonymous_1)
FN:19,(anonymous_2)
FN:20,(anonymous_3)
FN:22,(anonymous_4)
FN:30,(anonymous_5)
FN:31,(anonymous_6)
FN:31,(anonymous_7)
FN:34,(anonymous_8)
FN:43,useCart
FNF:10
FNH:10
FNDA:10,CartProvider
FNDA:4,(anonymous_1)
FNDA:4,(anonymous_2)
FNDA:1,(anonymous_3)
FNDA:1,(anonymous_4)
FNDA:1,(anonymous_5)
FNDA:1,(anonymous_6)
FNDA:1,(anonymous_7)
FNDA:4,(anonymous_8)
FNDA:11,useCart
DA:13,4
DA:16,10
DA:18,10
DA:19,4
DA:20,4
DA:21,4
DA:22,1
DA:23,1
DA:26,3
DA:30,10
DA:31,1
DA:34,10
DA:36,10
DA:44,11
DA:45,11
DA:46,0
DA:48,11
LF:17
LH:16
BRDA:21,0,0,1
BRDA:21,0,1,3
BRDA:23,1,0,1
BRDA:23,1,1,0
BRDA:45,2,0,0
BRDA:45,2,1,11
BRF:6
BRH:4
end_of_record
TN:
SF:src/hooks/use-color-scheme.ts
FNF:0
FNH:0
LF:0
LH:0
BRF:0
BRH:0
end_of_record
TN:
SF:src/hooks/use-theme.ts
FN:9,useTheme
FNF:1
FNH:1
FNDA:28,useTheme
DA:10,28
DA:11,28
DA:13,28
LF:3
LH:3
BRDA:11,0,0,0
BRDA:11,0,1,28
BRF:2
BRH:1
end_of_record
TN:
SF:src/utils/api.ts
FN:33,fetchProducts
FN:34,(anonymous_1)
FN:34,(anonymous_2)
FNF:3
FNH:3
FNDA:1,fetchProducts
FNDA:1,(anonymous_1)
FNDA:1,(anonymous_2)
DA:9,2
DA:34,1
LF:2
LH:2
BRF:0
BRH:0
end_of_record
TN:
SF:src/utils/security.ts
FN:12,isDeviceCompromised
FN:30,securelyStore
FN:46,securelyRetrieve
FN:57,securelyDelete
FNF:4
FNH:4
FNDA:3,isDeviceCompromised
FNDA:2,securelyStore
FNDA:2,securelyRetrieve
FNDA:2,securelyDelete
DA:13,3
DA:15,2
DA:16,2
DA:17,1
DA:19,1
DA:22,1
DA:31,2
DA:33,1
DA:34,1
DA:35,1
DA:38,1
DA:47,2
DA:48,1
DA:51,1
DA:58,2
DA:59,1
DA:60,1
DA:63,1
LF:18
LH:18
BRDA:13,0,0,1
BRDA:13,0,1,2
BRDA:31,1,0,1
BRDA:31,1,1,1
BRDA:47,2,0,1
BRDA:47,2,1,1
BRDA:58,3,0,1
BRDA:58,3,1,1
BRF:8
BRH:8
end_of_record
